<?xml version="1.0" encoding="UTF-8"?>
<robot generator="Robot 3.0.4 (Python 3.6.5 on win32)" generated="20180729 19:26:32.408">
<suite id="s1" name="Crud Test" source="C:\development\pycharm-development\robot-assignment\tests\crud_test.robot">
<kw name="Invoke Session" library="crud_common" type="setup">
<kw name="Log" library="BuiltIn">
<doc>Logs the given message with the given level.</doc>
<arguments>
<arg>I am setting up the session</arg>
</arguments>
<msg timestamp="20180729 19:26:33.175" level="INFO">I am setting up the session</msg>
<status status="PASS" starttime="20180729 19:26:33.174" endtime="20180729 19:26:33.175"></status>
</kw>
<kw name="Create Session" library="RequestsLibrary">
<doc>Create Session: create a HTTP session to a server</doc>
<arguments>
<arg>crudapi</arg>
<arg>${BaseURI}</arg>
</arguments>
<msg timestamp="20180729 19:26:33.175" level="INFO">Creating Session using : alias=crudapi, url=http://127.0.0.1:8000, headers={},                     cookies=None, auth=None, timeout=None, proxies=None, verify=False,                     debug=0 </msg>
<status status="PASS" starttime="20180729 19:26:33.175" endtime="20180729 19:26:33.176"></status>
</kw>
<status status="PASS" starttime="20180729 19:26:33.174" endtime="20180729 19:26:33.177"></status>
</kw>
<test id="s1-t1" name="Get All Employees List Information ##List of All Employees##">
<kw name="Get Employee List" library="crud_common">
<arguments>
<arg>${getEmpList}</arg>
</arguments>
<kw name="Authenticate Get" library="crud_common">
<arguments>
<arg>${resourcelist}</arg>
</arguments>
<assign>
<var>${response}</var>
</assign>
<kw name="Get Request" library="RequestsLibrary">
<doc>Send a GET request on the session object found using the</doc>
<arguments>
<arg>crudapi</arg>
<arg>${emplist}</arg>
</arguments>
<assign>
<var>${resp}</var>
</assign>
<msg timestamp="20180729 19:26:33.194" level="INFO">Get Request using : alias=crudapi, uri=/apis/emp_list/, headers=None json=None</msg>
<msg timestamp="20180729 19:26:33.194" level="INFO">${resp} = &lt;Response [200]&gt;</msg>
<status status="PASS" starttime="20180729 19:26:33.180" endtime="20180729 19:26:33.194"></status>
</kw>
<kw name="Should Be Equal As Strings" library="BuiltIn">
<doc>Fails if objects are unequal after converting them to strings.</doc>
<arguments>
<arg>${resp.status_code}</arg>
<arg>${200}</arg>
</arguments>
<status status="PASS" starttime="20180729 19:26:33.194" endtime="20180729 19:26:33.194"></status>
</kw>
<msg timestamp="20180729 19:26:33.194" level="INFO">${response} = &lt;Response [200]&gt;</msg>
<status status="PASS" starttime="20180729 19:26:33.179" endtime="20180729 19:26:33.194"></status>
</kw>
<kw name="Log" library="BuiltIn">
<doc>Logs the given message with the given level.</doc>
<arguments>
<arg>${response.json()}</arg>
</arguments>
<msg timestamp="20180729 19:26:33.194" level="INFO">[{'id': 1, 'first_name': 'Tarun'}, {'id': 2, 'first_name': 'Sajan'}, {'id': 3, 'first_name': 'Veera'}, {'id': 5, 'first_name': 'Raghvendra'}, {'id': 7, 'first_name': 'CreatedFirstNamebyRobot'}, {'id': 9, 'first_name': 'Shashank'}, {'id': 10, 'first_name': 'Shashank'}]</msg>
<status status="PASS" starttime="20180729 19:26:33.194" endtime="20180729 19:26:33.194"></status>
</kw>
<status status="PASS" starttime="20180729 19:26:33.178" endtime="20180729 19:26:33.209"></status>
</kw>
<status status="PASS" starttime="20180729 19:26:33.177" endtime="20180729 19:26:33.209" critical="yes"></status>
</test>
<test id="s1-t2" name="Get Employee Information">
<kw name="Verify Emp Exists" library="crud_common">
<arguments>
<arg>${getEmpwithID}</arg>
<arg>${f_name}</arg>
<arg>${l_name}</arg>
<arg>${email_id}</arg>
<arg>${dept_id}</arg>
</arguments>
<kw name="Authenticate Get" library="crud_common">
<arguments>
<arg>${resr_empid}</arg>
</arguments>
<assign>
<var>${response}</var>
</assign>
<kw name="Get Request" library="RequestsLibrary">
<doc>Send a GET request on the session object found using the</doc>
<arguments>
<arg>crudapi</arg>
<arg>${emplist}</arg>
</arguments>
<assign>
<var>${resp}</var>
</assign>
<msg timestamp="20180729 19:26:33.241" level="INFO">Get Request using : alias=crudapi, uri=/apis/emp_list/1/, headers=None json=None</msg>
<msg timestamp="20180729 19:26:33.241" level="INFO">${resp} = &lt;Response [200]&gt;</msg>
<status status="PASS" starttime="20180729 19:26:33.225" endtime="20180729 19:26:33.241"></status>
</kw>
<kw name="Should Be Equal As Strings" library="BuiltIn">
<doc>Fails if objects are unequal after converting them to strings.</doc>
<arguments>
<arg>${resp.status_code}</arg>
<arg>${200}</arg>
</arguments>
<status status="PASS" starttime="20180729 19:26:33.241" endtime="20180729 19:26:33.241"></status>
</kw>
<msg timestamp="20180729 19:26:33.241" level="INFO">${response} = &lt;Response [200]&gt;</msg>
<status status="PASS" starttime="20180729 19:26:33.225" endtime="20180729 19:26:33.241"></status>
</kw>
<kw name="Log" library="BuiltIn">
<doc>Logs the given message with the given level.</doc>
<arguments>
<arg>${response.json()}</arg>
</arguments>
<msg timestamp="20180729 19:26:33.241" level="INFO">{'id': 1, 'first_name': 'Tarun', 'last_name': 'Mohapatra', 'email': 'tarun.mohapatra@hotmail.com', 'department': 'electrical'}</msg>
<status status="PASS" starttime="20180729 19:26:33.241" endtime="20180729 19:26:33.241"></status>
</kw>
<kw name="Get From Dictionary" library="Collections">
<doc>Returns a value from the given ``dictionary`` based on the given ``key``.</doc>
<arguments>
<arg>${response.json()}</arg>
<arg>first_name</arg>
</arguments>
<assign>
<var>${fname_element}</var>
</assign>
<msg timestamp="20180729 19:26:33.241" level="INFO">${fname_element} = Tarun</msg>
<status status="PASS" starttime="20180729 19:26:33.241" endtime="20180729 19:26:33.241"></status>
</kw>
<kw name="Should Be Equal As Strings" library="BuiltIn">
<doc>Fails if objects are unequal after converting them to strings.</doc>
<arguments>
<arg>${fname_element}</arg>
<arg>${fname}</arg>
</arguments>
<status status="PASS" starttime="20180729 19:26:33.241" endtime="20180729 19:26:33.241"></status>
</kw>
<kw name="Get From Dictionary" library="Collections">
<doc>Returns a value from the given ``dictionary`` based on the given ``key``.</doc>
<arguments>
<arg>${response.json()}</arg>
<arg>last_name</arg>
</arguments>
<assign>
<var>${lname_element}</var>
</assign>
<msg timestamp="20180729 19:26:33.241" level="INFO">${lname_element} = Mohapatra</msg>
<status status="PASS" starttime="20180729 19:26:33.241" endtime="20180729 19:26:33.241"></status>
</kw>
<kw name="Should Be Equal As Strings" library="BuiltIn">
<doc>Fails if objects are unequal after converting them to strings.</doc>
<arguments>
<arg>${lname_element}</arg>
<arg>${lname}</arg>
</arguments>
<status status="PASS" starttime="20180729 19:26:33.241" endtime="20180729 19:26:33.241"></status>
</kw>
<kw name="Get From Dictionary" library="Collections">
<doc>Returns a value from the given ``dictionary`` based on the given ``key``.</doc>
<arguments>
<arg>${response.json()}</arg>
<arg>email</arg>
</arguments>
<assign>
<var>${email_element}</var>
</assign>
<msg timestamp="20180729 19:26:33.241" level="INFO">${email_element} = tarun.mohapatra@hotmail.com</msg>
<status status="PASS" starttime="20180729 19:26:33.241" endtime="20180729 19:26:33.241"></status>
</kw>
<kw name="Should Be Equal As Strings" library="BuiltIn">
<doc>Fails if objects are unequal after converting them to strings.</doc>
<arguments>
<arg>${email_element}</arg>
<arg>${emailid}</arg>
</arguments>
<status status="PASS" starttime="20180729 19:26:33.241" endtime="20180729 19:26:33.241"></status>
</kw>
<kw name="Get From Dictionary" library="Collections">
<doc>Returns a value from the given ``dictionary`` based on the given ``key``.</doc>
<arguments>
<arg>${response.json()}</arg>
<arg>department</arg>
</arguments>
<assign>
<var>${dept_element}</var>
</assign>
<msg timestamp="20180729 19:26:33.256" level="INFO">${dept_element} = electrical</msg>
<status status="PASS" starttime="20180729 19:26:33.241" endtime="20180729 19:26:33.256"></status>
</kw>
<kw name="Should Be Equal As Strings" library="BuiltIn">
<doc>Fails if objects are unequal after converting them to strings.</doc>
<arguments>
<arg>${dept_element}</arg>
<arg>${deptname}</arg>
</arguments>
<status status="PASS" starttime="20180729 19:26:33.256" endtime="20180729 19:26:33.256"></status>
</kw>
<status status="PASS" starttime="20180729 19:26:33.225" endtime="20180729 19:26:33.256"></status>
</kw>
<status status="PASS" starttime="20180729 19:26:33.209" endtime="20180729 19:26:33.256" critical="yes"></status>
</test>
<test id="s1-t3" name="Update Employee Information">
<kw name="Update Emp Details" library="crud_common">
<arguments>
<arg>${upd_resource}</arg>
<arg>${upd_Fname}</arg>
</arguments>
<kw name="Generate Random String" library="String">
<doc>Generates a string with a desired ``length`` from the given ``chars``.</doc>
<arguments>
<arg>12</arg>
<arg>[LOWER]</arg>
</arguments>
<assign>
<var>${emailPart1}</var>
</assign>
<msg timestamp="20180729 19:26:33.256" level="INFO">${emailPart1} = ilpoxwticsps</msg>
<status status="PASS" starttime="20180729 19:26:33.256" endtime="20180729 19:26:33.256"></status>
</kw>
<kw name="Set Variable" library="BuiltIn">
<doc>Returns the given values which can then be assigned to a variables.</doc>
<arguments>
<arg>@gmail.com</arg>
</arguments>
<assign>
<var>${emailPart2}</var>
</assign>
<msg timestamp="20180729 19:26:33.256" level="INFO">${emailPart2} = @gmail.com</msg>
<status status="PASS" starttime="20180729 19:26:33.256" endtime="20180729 19:26:33.256"></status>
</kw>
<kw name="Set Variable" library="BuiltIn">
<doc>Returns the given values which can then be assigned to a variables.</doc>
<arguments>
<arg>${emailPart1}${emailPart2}</arg>
</arguments>
<assign>
<var>${emailRandom}</var>
</assign>
<msg timestamp="20180729 19:26:33.256" level="INFO">${emailRandom} = ilpoxwticsps@gmail.com</msg>
<status status="PASS" starttime="20180729 19:26:33.256" endtime="20180729 19:26:33.256"></status>
</kw>
<kw name="Create Dictionary" library="BuiltIn">
<doc>Creates and returns a dictionary based on the given ``items``.</doc>
<arguments>
<arg>first_name=${updFname}</arg>
<arg>email=${emailRandom}</arg>
</arguments>
<assign>
<var>&amp;{data}</var>
</assign>
<msg timestamp="20180729 19:26:33.256" level="INFO">&amp;{data} = { first_name=Raghvendra | email=ilpoxwticsps@gmail.com }</msg>
<status status="PASS" starttime="20180729 19:26:33.256" endtime="20180729 19:26:33.256"></status>
</kw>
<kw name="Create Dictionary" library="BuiltIn">
<doc>Creates and returns a dictionary based on the given ``items``.</doc>
<arguments>
<arg>Content-Type=application/json</arg>
</arguments>
<assign>
<var>&amp;{headers}</var>
</assign>
<msg timestamp="20180729 19:26:33.256" level="INFO">&amp;{headers} = { Content-Type=application/json }</msg>
<status status="PASS" starttime="20180729 19:26:33.256" endtime="20180729 19:26:33.256"></status>
</kw>
<kw name="Put Request" library="RequestsLibrary">
<doc>Send a PUT request on the session object found using the</doc>
<arguments>
<arg>crudapi</arg>
<arg>${updResource}</arg>
<arg>data=&amp;{data}</arg>
<arg>headers=&amp;{headers}</arg>
</arguments>
<assign>
<var>${response}</var>
</assign>
<msg timestamp="20180729 19:26:33.403" level="INFO">Put Request using : alias=crudapi, uri=/apis/emp_list/5/edit/, data={"first_name": "Raghvendra", "email": "ilpoxwticsps@gmail.com"},                     headers={'Content-Type': 'application/json'}, allow_redirects=True </msg>
<msg timestamp="20180729 19:26:33.403" level="INFO">${response} = &lt;Response [200]&gt;</msg>
<status status="PASS" starttime="20180729 19:26:33.256" endtime="20180729 19:26:33.404"></status>
</kw>
<kw name="Log" library="BuiltIn">
<doc>Logs the given message with the given level.</doc>
<arguments>
<arg>${response.json()}</arg>
</arguments>
<msg timestamp="20180729 19:26:33.405" level="INFO">{'id': 5, 'first_name': 'Raghvendra', 'last_name': 'Sasi', 'email': 'ilpoxwticsps@gmail.com', 'department': 'CS'}</msg>
<status status="PASS" starttime="20180729 19:26:33.404" endtime="20180729 19:26:33.405"></status>
</kw>
<kw name="Should Be Equal As Strings" library="BuiltIn">
<doc>Fails if objects are unequal after converting them to strings.</doc>
<arguments>
<arg>${response.status_code}</arg>
<arg>${200}</arg>
</arguments>
<status status="PASS" starttime="20180729 19:26:33.406" endtime="20180729 19:26:33.407"></status>
</kw>
<status status="PASS" starttime="20180729 19:26:33.256" endtime="20180729 19:26:33.407"></status>
</kw>
<status status="PASS" starttime="20180729 19:26:33.256" endtime="20180729 19:26:33.409" critical="yes"></status>
</test>
<test id="s1-t4" name="Register/Add New Employee">
<kw name="Create Emp" library="crud_common">
<arguments>
<arg>${add_resource}</arg>
<arg>${add_Fname}</arg>
<arg>${add_Lname}</arg>
<arg>${add_Dept}</arg>
</arguments>
<kw name="Generate Random String" library="String">
<doc>Generates a string with a desired ``length`` from the given ``chars``.</doc>
<arguments>
<arg>12</arg>
<arg>[LOWER]</arg>
</arguments>
<assign>
<var>${emailPart1}</var>
</assign>
<msg timestamp="20180729 19:26:33.419" level="INFO">${emailPart1} = pajfnoydxgvk</msg>
<status status="PASS" starttime="20180729 19:26:33.418" endtime="20180729 19:26:33.420"></status>
</kw>
<kw name="Set Variable" library="BuiltIn">
<doc>Returns the given values which can then be assigned to a variables.</doc>
<arguments>
<arg>@gmail.com</arg>
</arguments>
<assign>
<var>${emailPart2}</var>
</assign>
<msg timestamp="20180729 19:26:33.421" level="INFO">${emailPart2} = @gmail.com</msg>
<status status="PASS" starttime="20180729 19:26:33.420" endtime="20180729 19:26:33.421"></status>
</kw>
<kw name="Set Variable" library="BuiltIn">
<doc>Returns the given values which can then be assigned to a variables.</doc>
<arguments>
<arg>${emailPart1}${emailPart2}</arg>
</arguments>
<assign>
<var>${emailRandom}</var>
</assign>
<msg timestamp="20180729 19:26:33.422" level="INFO">${emailRandom} = pajfnoydxgvk@gmail.com</msg>
<status status="PASS" starttime="20180729 19:26:33.422" endtime="20180729 19:26:33.423"></status>
</kw>
<kw name="Log" library="BuiltIn">
<doc>Logs the given message with the given level.</doc>
<arguments>
<arg>${addResource}</arg>
</arguments>
<msg timestamp="20180729 19:26:33.424" level="INFO">/apis/create/</msg>
<status status="PASS" starttime="20180729 19:26:33.423" endtime="20180729 19:26:33.424"></status>
</kw>
<kw name="Log" library="BuiltIn">
<doc>Logs the given message with the given level.</doc>
<arguments>
<arg>${addLname}</arg>
</arguments>
<msg timestamp="20180729 19:26:33.425" level="INFO">Gupta</msg>
<status status="PASS" starttime="20180729 19:26:33.424" endtime="20180729 19:26:33.425"></status>
</kw>
<kw name="Log" library="BuiltIn">
<doc>Logs the given message with the given level.</doc>
<arguments>
<arg>${addDept}</arg>
</arguments>
<msg timestamp="20180729 19:26:33.425" level="INFO">NTT Data Services</msg>
<status status="PASS" starttime="20180729 19:26:33.425" endtime="20180729 19:26:33.425"></status>
</kw>
<kw name="Log" library="BuiltIn">
<doc>Logs the given message with the given level.</doc>
<arguments>
<arg>${addFname}</arg>
</arguments>
<msg timestamp="20180729 19:26:33.427" level="INFO">Shashank</msg>
<status status="PASS" starttime="20180729 19:26:33.426" endtime="20180729 19:26:33.427"></status>
</kw>
<kw name="Create Dictionary" library="BuiltIn">
<doc>Creates and returns a dictionary based on the given ``items``.</doc>
<arguments>
<arg>first_name=${addFname}</arg>
<arg>last_name=${addLname}</arg>
<arg>email=${emailRandom}</arg>
<arg>department=${addDept}</arg>
</arguments>
<assign>
<var>&amp;{data}</var>
</assign>
<msg timestamp="20180729 19:26:33.429" level="INFO">&amp;{data} = { first_name=Shashank | last_name=Gupta | email=pajfnoydxgvk@gmail.com | department=NTT Data Services }</msg>
<status status="PASS" starttime="20180729 19:26:33.427" endtime="20180729 19:26:33.429"></status>
</kw>
<kw name="Create Dictionary" library="BuiltIn">
<doc>Creates and returns a dictionary based on the given ``items``.</doc>
<arguments>
<arg>Content-Type=application/json</arg>
</arguments>
<assign>
<var>&amp;{headers}</var>
</assign>
<msg timestamp="20180729 19:26:33.430" level="INFO">&amp;{headers} = { Content-Type=application/json }</msg>
<status status="PASS" starttime="20180729 19:26:33.429" endtime="20180729 19:26:33.430"></status>
</kw>
<kw name="Post Request" library="RequestsLibrary">
<doc>Send a POST request on the session object found using the</doc>
<arguments>
<arg>crudapi</arg>
<arg>${addResource}</arg>
<arg>data=&amp;{data}</arg>
<arg>headers=&amp;{headers}</arg>
</arguments>
<assign>
<var>${resp}</var>
</assign>
<msg timestamp="20180729 19:26:33.585" level="INFO">Post Request using : alias=crudapi, uri=/apis/create/, data={"first_name": "Shashank", "last_name": "Gupta", "email": "pajfnoydxgvk@gmail.com", "department": "NTT Data Services"}, headers={'Content-Type': 'application/json'}, files=None, allow_redirects=True </msg>
<msg timestamp="20180729 19:26:33.585" level="INFO">${resp} = &lt;Response [201]&gt;</msg>
<status status="PASS" starttime="20180729 19:26:33.430" endtime="20180729 19:26:33.585"></status>
</kw>
<kw name="Should Be Equal As Strings" library="BuiltIn">
<doc>Fails if objects are unequal after converting them to strings.</doc>
<arguments>
<arg>${resp.status_code}</arg>
<arg>${201}</arg>
</arguments>
<status status="PASS" starttime="20180729 19:26:33.585" endtime="20180729 19:26:33.601"></status>
</kw>
<status status="PASS" starttime="20180729 19:26:33.415" endtime="20180729 19:26:33.601"></status>
</kw>
<status status="PASS" starttime="20180729 19:26:33.413" endtime="20180729 19:26:33.601" critical="yes"></status>
</test>
<test id="s1-t5" name="Delete Emp Information">
<kw name="Delete Emp Details" library="crud_common">
<arguments>
<arg>${del_Resource}</arg>
</arguments>
<kw name="Delete Request" library="RequestsLibrary">
<doc>Send a DELETE request on the session object found using the</doc>
<arguments>
<arg>crudapi</arg>
<arg>${delResource}</arg>
</arguments>
<assign>
<var>${resp}</var>
</assign>
<msg timestamp="20180729 19:26:33.740" level="INFO">Delete Request using : alias=crudapi, uri=/apis/emp_list/9/delete/, data=(),                     headers=None, allow_redirects=True </msg>
<msg timestamp="20180729 19:26:33.740" level="INFO">${resp} = &lt;Response [204]&gt;</msg>
<status status="PASS" starttime="20180729 19:26:33.601" endtime="20180729 19:26:33.740"></status>
</kw>
<kw name="Should Be Equal As Strings" library="BuiltIn">
<doc>Fails if objects are unequal after converting them to strings.</doc>
<arguments>
<arg>${resp.status_code}</arg>
<arg>${204}</arg>
</arguments>
<status status="PASS" starttime="20180729 19:26:33.740" endtime="20180729 19:26:33.740"></status>
</kw>
<status status="PASS" starttime="20180729 19:26:33.601" endtime="20180729 19:26:33.740"></status>
</kw>
<status status="PASS" starttime="20180729 19:26:33.601" endtime="20180729 19:26:33.740" critical="yes"></status>
</test>
<kw name="Delete Sessions" library="crud_common" type="teardown">
<kw name="Log" library="BuiltIn">
<doc>Logs the given message with the given level.</doc>
<arguments>
<arg>I am destroying all the sessions</arg>
</arguments>
<msg timestamp="20180729 19:26:33.755" level="INFO">I am destroying all the sessions</msg>
<status status="PASS" starttime="20180729 19:26:33.755" endtime="20180729 19:26:33.755"></status>
</kw>
<kw name="Delete All Sessions" library="RequestsLibrary">
<doc>Removes all the session objects</doc>
<msg timestamp="20180729 19:26:33.755" level="INFO">Delete All Sessions</msg>
<status status="PASS" starttime="20180729 19:26:33.755" endtime="20180729 19:26:33.755"></status>
</kw>
<status status="PASS" starttime="20180729 19:26:33.740" endtime="20180729 19:26:33.755"></status>
</kw>
<doc>Suite description</doc>
<status status="PASS" starttime="20180729 19:26:32.414" endtime="20180729 19:26:33.755"></status>
</suite>
<statistics>
<total>
<stat pass="5" fail="0">Critical Tests</stat>
<stat pass="5" fail="0">All Tests</stat>
</total>
<tag>
</tag>
<suite>
<stat pass="5" fail="0" id="s1" name="Crud Test">Crud Test</stat>
</suite>
</statistics>
<errors>
</errors>
</robot>
