<?xml version="1.0" encoding="UTF-8"?>
<robot generator="Robot 3.0.4 (Python 3.6.5 on win32)" generated="20180729 11:56:53.739">
<suite id="s1" name="Omdb Test" source="C:\development\pycharm-development\robot-assignment\tests\omdb_test.robot">
<kw name="Invoke Session" library="omdb_common" type="setup">
<kw name="Log" library="BuiltIn">
<doc>Logs the given message with the given level.</doc>
<arguments>
<arg>I am setting up the session</arg>
</arguments>
<msg timestamp="20180729 11:56:55.600" level="INFO">I am setting up the session</msg>
<status status="PASS" starttime="20180729 11:56:55.600" endtime="20180729 11:56:55.600"></status>
</kw>
<kw name="Create Session" library="RequestsLibrary">
<doc>Create Session: create a HTTP session to a server</doc>
<arguments>
<arg>omdbapi</arg>
<arg>${BaseURI}</arg>
</arguments>
<msg timestamp="20180729 11:56:55.600" level="INFO">Creating Session using : alias=omdbapi, url=http://www.omdbapi.com/, headers={},                     cookies=None, auth=None, timeout=None, proxies=None, verify=False,                     debug=0 </msg>
<status status="PASS" starttime="20180729 11:56:55.600" endtime="20180729 11:56:55.600"></status>
</kw>
<status status="PASS" starttime="20180729 11:56:55.600" endtime="20180729 11:56:55.600"></status>
</kw>
<test id="s1-t1" name="Authentication Search By Movie Title">
<kw name="Authenticate Movie Search by Title" library="omdb_common">
<arguments>
<arg>${MvTle}</arg>
<arg>${RYr}</arg>
<arg>${MPlot}</arg>
<arg>${SAKey}</arg>
</arguments>
<kw name="Get Request" library="RequestsLibrary">
<doc>Send a GET request on the session object found using the</doc>
<arguments>
<arg>omdbapi</arg>
<arg>?t=${title}&amp;y=${year}&amp;plot=${plot}&amp;apikey=${apiKey}</arg>
</arguments>
<assign>
<var>${resp}</var>
</assign>
<msg timestamp="20180729 11:56:55.901" level="INFO">Get Request using : alias=omdbapi, uri=?t=Troy&amp;y=2004&amp;plot=full&amp;apikey=d12cbf4b, headers=None json=None</msg>
<msg timestamp="20180729 11:56:55.901" level="INFO">${resp} = &lt;Response [200]&gt;</msg>
<status status="PASS" starttime="20180729 11:56:55.600" endtime="20180729 11:56:55.901"></status>
</kw>
<kw name="Should Be Equal" library="BuiltIn">
<doc>Fails if the given objects are unequal.</doc>
<arguments>
<arg>${resp.status_code}</arg>
<arg>${200}</arg>
</arguments>
<status status="PASS" starttime="20180729 11:56:55.901" endtime="20180729 11:56:55.901"></status>
</kw>
<status status="PASS" starttime="20180729 11:56:55.600" endtime="20180729 11:56:55.901"></status>
</kw>
<tags>
<tag>GET</tag>
</tags>
<status status="PASS" starttime="20180729 11:56:55.600" endtime="20180729 11:56:55.914" critical="yes"></status>
</test>
<test id="s1-t2" name="Authentication Search By Movie ID">
<kw name="Authenticate Movie Search by Id" library="omdb_common">
<arguments>
<arg>${MvId}</arg>
<arg>${MPlot}</arg>
<arg>${SAKey}</arg>
</arguments>
<kw name="Get Request" library="RequestsLibrary">
<doc>Send a GET request on the session object found using the</doc>
<arguments>
<arg>omdbapi</arg>
<arg>?i=${id}&amp;plot=${plot}&amp;apikey=${apiKey}</arg>
</arguments>
<assign>
<var>${resp}</var>
</assign>
<msg timestamp="20180729 11:56:55.941" level="INFO">Get Request using : alias=omdbapi, uri=?i=tt1285016&amp;plot=full&amp;apikey=d12cbf4b, headers=None json=None</msg>
<msg timestamp="20180729 11:56:55.941" level="INFO">${resp} = &lt;Response [200]&gt;</msg>
<status status="PASS" starttime="20180729 11:56:55.920" endtime="20180729 11:56:55.941"></status>
</kw>
<kw name="Should Be Equal" library="BuiltIn">
<doc>Fails if the given objects are unequal.</doc>
<arguments>
<arg>${resp.status_code}</arg>
<arg>${200}</arg>
</arguments>
<status status="PASS" starttime="20180729 11:56:55.941" endtime="20180729 11:56:55.941"></status>
</kw>
<status status="PASS" starttime="20180729 11:56:55.919" endtime="20180729 11:56:55.941"></status>
</kw>
<tags>
<tag>GET</tag>
</tags>
<status status="PASS" starttime="20180729 11:56:55.917" endtime="20180729 11:56:55.947" critical="yes"></status>
</test>
<test id="s1-t3" name="Verify Response Body">
<kw name="Verify Get Response Body" library="omdb_common">
<arguments>
<arg>${MvTle}</arg>
<arg>${RYr}</arg>
<arg>${MPlot}</arg>
<arg>${SAKey}</arg>
<arg>${ResVal}</arg>
<arg>${RtdVal}</arg>
<arg>${RunVal}</arg>
<arg>${LangVal}</arg>
<arg>${CtyName}</arg>
<arg>${SrcVal}</arg>
<arg>${MvRate}</arg>
</arguments>
<kw name="Authenticate Movie Search by Title" library="omdb_common">
<arguments>
<arg>${mtitle}</arg>
<arg>${myear}</arg>
<arg>${mplot}</arg>
<arg>${mapiKey}</arg>
</arguments>
<assign>
<var>${response}</var>
</assign>
<kw name="Get Request" library="RequestsLibrary">
<doc>Send a GET request on the session object found using the</doc>
<arguments>
<arg>omdbapi</arg>
<arg>?t=${title}&amp;y=${year}&amp;plot=${plot}&amp;apikey=${apiKey}</arg>
</arguments>
<assign>
<var>${resp}</var>
</assign>
<msg timestamp="20180729 11:56:55.974" level="INFO">Get Request using : alias=omdbapi, uri=?t=Troy&amp;y=2004&amp;plot=full&amp;apikey=d12cbf4b, headers=None json=None</msg>
<msg timestamp="20180729 11:56:55.974" level="INFO">${resp} = &lt;Response [200]&gt;</msg>
<status status="PASS" starttime="20180729 11:56:55.953" endtime="20180729 11:56:55.974"></status>
</kw>
<kw name="Should Be Equal" library="BuiltIn">
<doc>Fails if the given objects are unequal.</doc>
<arguments>
<arg>${resp.status_code}</arg>
<arg>${200}</arg>
</arguments>
<status status="PASS" starttime="20180729 11:56:55.974" endtime="20180729 11:56:55.974"></status>
</kw>
<msg timestamp="20180729 11:56:55.974" level="INFO">${response} = &lt;Response [200]&gt;</msg>
<status status="PASS" starttime="20180729 11:56:55.953" endtime="20180729 11:56:55.974"></status>
</kw>
<kw name="Get From Dictionary" library="Collections">
<doc>Returns a value from the given ``dictionary`` based on the given ``key``.</doc>
<arguments>
<arg>${response.json()}</arg>
<arg>Response</arg>
</arguments>
<assign>
<var>${response_element}</var>
</assign>
<msg timestamp="20180729 11:56:55.974" level="INFO">${response_element} = True</msg>
<status status="PASS" starttime="20180729 11:56:55.974" endtime="20180729 11:56:55.974"></status>
</kw>
<kw name="Should Be Equal As Strings" library="BuiltIn">
<doc>Fails if objects are unequal after converting them to strings.</doc>
<arguments>
<arg>${response_element}</arg>
<arg>${resp}</arg>
</arguments>
<status status="PASS" starttime="20180729 11:56:55.974" endtime="20180729 11:56:55.974"></status>
</kw>
<kw name="Get From Dictionary" library="Collections">
<doc>Returns a value from the given ``dictionary`` based on the given ``key``.</doc>
<arguments>
<arg>${response.json()}</arg>
<arg>Title</arg>
</arguments>
<assign>
<var>${title_element}</var>
</assign>
<msg timestamp="20180729 11:56:55.974" level="INFO">${title_element} = Troy</msg>
<status status="PASS" starttime="20180729 11:56:55.974" endtime="20180729 11:56:55.974"></status>
</kw>
<kw name="Should Be Equal As Strings" library="BuiltIn">
<doc>Fails if objects are unequal after converting them to strings.</doc>
<arguments>
<arg>${title_element}</arg>
<arg>${mtitle}</arg>
</arguments>
<status status="PASS" starttime="20180729 11:56:55.974" endtime="20180729 11:56:55.974"></status>
</kw>
<kw name="Get From Dictionary" library="Collections">
<doc>Returns a value from the given ``dictionary`` based on the given ``key``.</doc>
<arguments>
<arg>${response.json()}</arg>
<arg>Rated</arg>
</arguments>
<assign>
<var>${rated_element}</var>
</assign>
<msg timestamp="20180729 11:56:55.988" level="INFO">${rated_element} = R</msg>
<status status="PASS" starttime="20180729 11:56:55.974" endtime="20180729 11:56:55.989"></status>
</kw>
<kw name="Should Be Equal As Strings" library="BuiltIn">
<doc>Fails if objects are unequal after converting them to strings.</doc>
<arguments>
<arg>${rated_element}</arg>
<arg>${rated}</arg>
</arguments>
<status status="PASS" starttime="20180729 11:56:55.989" endtime="20180729 11:56:55.989"></status>
</kw>
<kw name="Get From Dictionary" library="Collections">
<doc>Returns a value from the given ``dictionary`` based on the given ``key``.</doc>
<arguments>
<arg>${response.json()}</arg>
<arg>Runtime</arg>
</arguments>
<assign>
<var>${runtime_element}</var>
</assign>
<msg timestamp="20180729 11:56:55.992" level="INFO">${runtime_element} = 163 min</msg>
<status status="PASS" starttime="20180729 11:56:55.991" endtime="20180729 11:56:55.992"></status>
</kw>
<kw name="Should Be Equal As Strings" library="BuiltIn">
<doc>Fails if objects are unequal after converting them to strings.</doc>
<arguments>
<arg>${runtime_element}</arg>
<arg>${runtime}</arg>
</arguments>
<status status="PASS" starttime="20180729 11:56:55.992" endtime="20180729 11:56:55.992"></status>
</kw>
<kw name="Get From Dictionary" library="Collections">
<doc>Returns a value from the given ``dictionary`` based on the given ``key``.</doc>
<arguments>
<arg>${response.json()}</arg>
<arg>Language</arg>
</arguments>
<assign>
<var>${language_element}</var>
</assign>
<msg timestamp="20180729 11:56:55.992" level="INFO">${language_element} = English</msg>
<status status="PASS" starttime="20180729 11:56:55.992" endtime="20180729 11:56:55.992"></status>
</kw>
<kw name="Should Be Equal As Strings" library="BuiltIn">
<doc>Fails if objects are unequal after converting them to strings.</doc>
<arguments>
<arg>${language_element}</arg>
<arg>${lang}</arg>
</arguments>
<status status="PASS" starttime="20180729 11:56:55.992" endtime="20180729 11:56:55.992"></status>
</kw>
<kw name="Get From Dictionary" library="Collections">
<doc>Returns a value from the given ``dictionary`` based on the given ``key``.</doc>
<arguments>
<arg>${response.json()}</arg>
<arg>Country</arg>
</arguments>
<assign>
<var>${country_element}</var>
</assign>
<msg timestamp="20180729 11:56:56.002" level="INFO">${country_element} = USA, Malta, UK</msg>
<status status="PASS" starttime="20180729 11:56:55.992" endtime="20180729 11:56:56.003"></status>
</kw>
<kw name="Should Be Equal As Strings" library="BuiltIn">
<doc>Fails if objects are unequal after converting them to strings.</doc>
<arguments>
<arg>${country_element}</arg>
<arg>${cntry}</arg>
</arguments>
<status status="PASS" starttime="20180729 11:56:56.003" endtime="20180729 11:56:56.004"></status>
</kw>
<kw name="Get From Dictionary" library="Collections">
<doc>Returns a value from the given ``dictionary`` based on the given ``key``.</doc>
<arguments>
<arg>${response.json()}</arg>
<arg>Ratings</arg>
</arguments>
<assign>
<var>${ratings_element}</var>
</assign>
<msg timestamp="20180729 11:56:56.004" level="INFO">${ratings_element} = [{'Source': 'Internet Movie Database', 'Value': '7.2/10'}, {'Source': 'Rotten Tomatoes', 'Value': '54%'}, {'Source': 'Metacritic', 'Value': '56/100'}]</msg>
<status status="PASS" starttime="20180729 11:56:56.004" endtime="20180729 11:56:56.004"></status>
</kw>
<kw name="Should Be Equal As Strings" library="BuiltIn">
<doc>Fails if objects are unequal after converting them to strings.</doc>
<arguments>
<arg>${ratings_element[0]['Source']}</arg>
<arg>${source}</arg>
</arguments>
<status status="PASS" starttime="20180729 11:56:56.004" endtime="20180729 11:56:56.013"></status>
</kw>
<kw name="Should Be Equal As Strings" library="BuiltIn">
<doc>Fails if objects are unequal after converting them to strings.</doc>
<arguments>
<arg>${ratings_element[0]['Value']}</arg>
<arg>${value}</arg>
</arguments>
<status status="PASS" starttime="20180729 11:56:56.013" endtime="20180729 11:56:56.014"></status>
</kw>
<status status="PASS" starttime="20180729 11:56:55.952" endtime="20180729 11:56:56.014"></status>
</kw>
<tags>
<tag>GET</tag>
</tags>
<status status="PASS" starttime="20180729 11:56:55.950" endtime="20180729 11:56:56.016" critical="yes"></status>
</test>
<test id="s1-t4" name="Verify Country detail in response">
<kw name="Verify Country" library="omdb_common">
<arguments>
<arg>${MvTle}</arg>
<arg>${RYr}</arg>
<arg>${MPlot}</arg>
<arg>${SAKey}</arg>
<arg>${CtyName}</arg>
</arguments>
<kw name="Authenticate Movie Search by Title" library="omdb_common">
<arguments>
<arg>${title}</arg>
<arg>${year}</arg>
<arg>${plot}</arg>
<arg>${apiKey}</arg>
</arguments>
<assign>
<var>${response}</var>
</assign>
<kw name="Get Request" library="RequestsLibrary">
<doc>Send a GET request on the session object found using the</doc>
<arguments>
<arg>omdbapi</arg>
<arg>?t=${title}&amp;y=${year}&amp;plot=${plot}&amp;apikey=${apiKey}</arg>
</arguments>
<assign>
<var>${resp}</var>
</assign>
<msg timestamp="20180729 11:56:56.063" level="INFO">Get Request using : alias=omdbapi, uri=?t=Troy&amp;y=2004&amp;plot=full&amp;apikey=d12cbf4b, headers=None json=None</msg>
<msg timestamp="20180729 11:56:56.063" level="INFO">${resp} = &lt;Response [200]&gt;</msg>
<status status="PASS" starttime="20180729 11:56:56.026" endtime="20180729 11:56:56.063"></status>
</kw>
<kw name="Should Be Equal" library="BuiltIn">
<doc>Fails if the given objects are unequal.</doc>
<arguments>
<arg>${resp.status_code}</arg>
<arg>${200}</arg>
</arguments>
<status status="PASS" starttime="20180729 11:56:56.064" endtime="20180729 11:56:56.064"></status>
</kw>
<msg timestamp="20180729 11:56:56.064" level="INFO">${response} = &lt;Response [200]&gt;</msg>
<status status="PASS" starttime="20180729 11:56:56.023" endtime="20180729 11:56:56.064"></status>
</kw>
<kw name="Get From Dictionary" library="Collections">
<doc>Returns a value from the given ``dictionary`` based on the given ``key``.</doc>
<arguments>
<arg>${response.json()}</arg>
<arg>Country</arg>
</arguments>
<assign>
<var>${country_element}</var>
</assign>
<msg timestamp="20180729 11:56:56.064" level="INFO">${country_element} = USA, Malta, UK</msg>
<status status="PASS" starttime="20180729 11:56:56.064" endtime="20180729 11:56:56.064"></status>
</kw>
<kw name="Should Be Equal As Strings" library="BuiltIn">
<doc>Fails if objects are unequal after converting them to strings.</doc>
<arguments>
<arg>${country_element}</arg>
<arg>${expected_country}</arg>
</arguments>
<status status="PASS" starttime="20180729 11:56:56.064" endtime="20180729 11:56:56.064"></status>
</kw>
<status status="PASS" starttime="20180729 11:56:56.020" endtime="20180729 11:56:56.064"></status>
</kw>
<tags>
<tag>GET</tag>
</tags>
<status status="PASS" starttime="20180729 11:56:56.019" endtime="20180729 11:56:56.070" critical="yes"></status>
</test>
<kw name="Delete Sessions" library="omdb_common" type="teardown">
<kw name="Log" library="BuiltIn">
<doc>Logs the given message with the given level.</doc>
<arguments>
<arg>I am destroying all the sessions</arg>
</arguments>
<msg timestamp="20180729 11:56:56.113" level="INFO">I am destroying all the sessions</msg>
<status status="PASS" starttime="20180729 11:56:56.113" endtime="20180729 11:56:56.113"></status>
</kw>
<kw name="Delete All Sessions" library="RequestsLibrary">
<doc>Removes all the session objects</doc>
<msg timestamp="20180729 11:56:56.113" level="INFO">Delete All Sessions</msg>
<status status="PASS" starttime="20180729 11:56:56.113" endtime="20180729 11:56:56.113"></status>
</kw>
<status status="PASS" starttime="20180729 11:56:56.113" endtime="20180729 11:56:56.113"></status>
</kw>
<status status="PASS" starttime="20180729 11:56:53.753" endtime="20180729 11:56:56.113"></status>
</suite>
<statistics>
<total>
<stat pass="4" fail="0">Critical Tests</stat>
<stat pass="4" fail="0">All Tests</stat>
</total>
<tag>
<stat pass="4" fail="0">GET</stat>
</tag>
<suite>
<stat pass="4" fail="0" id="s1" name="Omdb Test">Omdb Test</stat>
</suite>
</statistics>
<errors>
</errors>
</robot>
